open_project/build/outputs/logs/manifest-merger-debug-report.txt
-- Merging decision tree log ---
manifest
ADDED from src\main\AndroidManifest.xml:2:1-121:12
INJECTED from src\main\AndroidManifest.xml:2:1-121:12
INJECTED from src\main\AndroidManifest.xml:2:1-121:12
INJECTED from src\main\AndroidManifest.xml:2:1-121:12
MERGED from [com.afollestad.material-dialogs:core:0.9.6.0] AndroidManifest.xml:2:1-15:12
MERGED from [com.github.f0ris.sweetalert:library:1.5.1] AndroidManifest.xml:2:1-13:12
MERGED from [com.jaredrummler:material-spinner:1.2.2] AndroidManifest.xml:2:1-10:12
MERGED from [me.relex:circleindicator:1.1.8] AndroidManifest.xml:2:1-12:12
MERGED from [com.mikhaellopez:circularimageview:3.0.2] AndroidManifest.xml:2:1-15:12
MERGED from [com.github.traex.calendarlistview:library:1.2.3] AndroidManifest.xml:2:1-14:12
MERGED from [com.github.npanigrahy:Custom-Calendar-View:v1.0] AndroidManifest.xml:2:1-6:12
MERGED from [com.github.sundeepk:compact-calendar-view:2.0.2.2] AndroidManifest.xml:2:1-11:12
MERGED from [com.makeramen:roundedimageview:2.3.0] AndroidManifest.xml:2:1-9:12
MERGED from [com.android.support:multidex:1.0.2] AndroidManifest.xml:17:1-22:12
MERGED from [com.nispok:snackbar:2.7.5] AndroidManifest.xml:2:1-12:12
MERGED from [de.keyboardsurfer.android.widget:crouton:1.8.5] AndroidManifest.xml:17:1-26:12
MERGED from [com.scottyab:aescrypt:0.0.1] AndroidManifest.xml:2:1-12:12
MERGED from [com.github.flavienlaurent.datetimepicker:library:0.0.2] AndroidManifest.xml:1:115-5:12
MERGED from [com.github.d-max:spots-dialog:0.4] AndroidManifest.xml:2:1-14:12
MERGED from [com.google.android.gms:play-services-location:9.8.0] AndroidManifest.xml:2:1-5:12
MERGED from [com.google.android.gms:play-services-analytics:9.8.0] AndroidManifest.xml:16:1-27:12
MERGED from [com.google.android.gms:play-services-maps:9.8.0] AndroidManifest.xml:16:1-25:12
MERGED from [com.dev.sacot41:scviewpager:0.0.4] AndroidManifest.xml:2:1-16:12
MERGED from [com.inthecheesefactory.thecheeselibrary:adjustable-imageview:1.0.0] AndroidManifest.xml:2:1-16:12
MERGED from [com.wdullaer:materialdatetimepicker:2.5.0] AndroidManifest.xml:17:1-30:12
MERGED from [com.github.ybq:Android-SpinKit:1.0.4] AndroidManifest.xml:2:1-12:12
MERGED from [de.halfbit:pinned-section-listview:1.0.0] AndroidManifest.xml:2:1-13:12
MERGED from [dev.dworks.libs:astickyheader:0.1.0] AndroidManifest.xml:2:1-11:12
MERGED from [com.master.android:glideimageview:1.0] AndroidManifest.xml:2:1-19:12
MERGED from [com.github.Triggertrap:SeekArc:v1.1] AndroidManifest.xml:25:1-40:12
MERGED from [com.android.support:cardview-v7:24.0.0] AndroidManifest.xml:17:1-24:12
MERGED from [com.android.support:design:24.2.0] AndroidManifest.xml:17:1-24:12
MERGED from [com.android.support:recyclerview-v7:27.0.1] AndroidManifest.xml:17:1-22:12
MERGED from [com.kyleduo.switchbutton:library:1.4.4] AndroidManifest.xml:2:1-12:12
MERGED from [androidmads.library.qrgenearator:QRGenearator:1.0.0] AndroidManifest.xml:2:1-19:12
MERGED from [com.weiwangcn.betterspinner:library-material:1.1.0] AndroidManifest.xml:2:1-16:12
MERGED from [com.jcminarro:RoundKornerLayouts:0.2.0] AndroidManifest.xml:2:1-17:12
MERGED from [me.zhanghai.android.materialprogressbar:library:1.4.2] AndroidManifest.xml:6:1-16:12
MERGED from [com.pnikosis:materialish-progress:1.0] AndroidManifest.xml:2:1-17:12
MERGED from [com.rengwuxian.materialedittext:library:2.0.3] AndroidManifest.xml:2:1-10:12
MERGED from [com.android.support:appcompat-v7:27.0.1] AndroidManifest.xml:17:1-22:12
MERGED from [com.google.firebase:firebase-core:9.8.0] AndroidManifest.xml:2:1-6:12
MERGED from [com.google.firebase:firebase-messaging:9.8.0] AndroidManifest.xml:16:1-30:12
MERGED from [com.soundcloud.android:android-crop:1.0.1] AndroidManifest.xml:2:1-10:12
MERGED from [com.isseiaoki:simplecropview:1.1.4] AndroidManifest.xml:2:1-12:12
MERGED from [com.mixpanel.android:mixpanel-android:4.9.8] AndroidManifest.xml:2:1-118:12
MERGED from [com.bugsnag:bugsnag-android:3.6.0] AndroidManifest.xml:2:1-14:12
MERGED from [com.google.android.gms:play-services-tagmanager:9.8.0] AndroidManifest.xml:16:1-18:12
MERGED from [com.github.glomadrian:MaterialAnimatedSwitch:1.1] AndroidManifest.xml:2:1-16:12
MERGED from [com.nhaarman.listviewanimations:lib-core:3.1.0] AndroidManifest.xml:17:1-29:12
MERGED from [com.nhaarman.listviewanimations:lib-manipulation:3.1.0] AndroidManifest.xml:17:1-31:12
MERGED from [com.nhaarman.listviewanimations:lib-core-slh:3.1.0] AndroidManifest.xml:17:1-29:12
MERGED from [com.github.lzyzsd:circleprogress:1.1.0] AndroidManifest.xml:2:1-11:12
MERGED from [com.akexorcist:RoundCornerProgressBar:2.0.3] AndroidManifest.xml:2:1-12:12
MERGED from [com.wdullaer:swipeactionadapter:2.0.0] AndroidManifest.xml:2:1-13:12
MERGED from [com.android.support:support-v13:24.2.1] AndroidManifest.xml:17:1-27:12
MERGED from [com.prolificinteractive:material-calendarview:1.4.3] AndroidManifest.xml:2:1-14:12
MERGED from [com.google.android.gms:play-services-analytics-impl:9.8.0] AndroidManifest.xml:16:1-27:12
MERGED from [com.google.android.gms:play-services-base:9.8.0] AndroidManifest.xml:16:1-21:12
MERGED from [com.google.android.gms:play-services-tagmanager-api:9.8.0] AndroidManifest.xml:16:1-34:12
MERGED from [com.google.firebase:firebase-analytics:9.8.0] AndroidManifest.xml:16:1-34:12
MERGED from [com.google.firebase:firebase-analytics-impl:9.8.0] AndroidManifest.xml:16:1-29:12
MERGED from [com.google.firebase:firebase-iid:9.8.0] AndroidManifest.xml:16:1-51:12
MERGED from [com.google.firebase:firebase-common:9.8.0] AndroidManifest.xml:2:1-8:12
MERGED from [com.google.android.gms:play-services-tasks:9.8.0] AndroidManifest.xml:2:1-5:12
MERGED from [com.google.android.gms:play-services-basement:9.8.0] AndroidManifest.xml:16:1-23:12
MERGED from [com.android.support:support-v4:25.1.1] AndroidManifest.xml:17:1-27:12
MERGED from [com.daimajia.swipelayout:library:1.2.0] AndroidManifest.xml:2:1-10:12
MERGED from [com.daimajia.easing:library:1.0.0] AndroidManifest.xml:2:1-17:12
MERGED from [com.daimajia.androidanimations:library:1.1.2] AndroidManifest.xml:2:1-12:12
MERGED from [com.wang.avi:library:2.1.3] AndroidManifest.xml:2:1-11:12
MERGED from [com.android.support.constraint:constraint-layout:1.0.2] AndroidManifest.xml:2:1-11:12
MERGED from [de.hdodenhof:circleimageview:2.1.0] AndroidManifest.xml:2:1-11:12
MERGED from [com.android.support:animated-vector-drawable:27.0.1] AndroidManifest.xml:17:1-22:12
MERGED from [com.android.support:support-vector-drawable:27.0.1] AndroidManifest.xml:17:1-22:12
MERGED from [com.android.support:support-media-compat:25.1.1] AndroidManifest.xml:17:1-27:12
MERGED from [com.android.support:support-fragment:27.0.1] AndroidManifest.xml:17:1-22:12
MERGED from [com.android.support:support-core-utils:27.0.1] AndroidManifest.xml:17:1-22:12
MERGED from [com.android.support:support-core-ui:27.0.1] AndroidManifest.xml:17:1-22:12
MERGED from [com.android.support:support-compat:27.0.1] AndroidManifest.xml:17:1-22:12
MERGED from [android.arch.lifecycle:runtime:1.0.0] AndroidManifest.xml:17:1-30:12
INJECTED from src\main\AndroidManifest.xml:2:1-121:12
INJECTED from src\main\AndroidManifest.xml:2:1-121:12
INJECTED from src\main\AndroidManifest.xml:2:1-121:12
	package
		ADDED from src\main\AndroidManifest.xml:4:5-31
		INJECTED from src\main\AndroidManifest.xml
		INJECTED from src\main\AndroidManifest.xml
	android:versionName
		INJECTED from src\main\AndroidManifest.xml
		ADDED from src\main\AndroidManifest.xml:2:1-121:12
		INJECTED from src\main\AndroidManifest.xml
	xmlns:tools
		ADDED from src\main\AndroidManifest.xml:3:5-51
	android:versionCode
		INJECTED from src\main\AndroidManifest.xml
		ADDED from src\main\AndroidManifest.xml:2:1-121:12
		INJECTED from src\main\AndroidManifest.xml
	xmlns:android
		ADDED from src\main\AndroidManifest.xml:2:11-69
uses-sdk
ADDED from src\main\AndroidManifest.xml:5:5-8:47
INJECTED from src\main\AndroidManifest.xml:5:5-8:47
INJECTED from src\main\AndroidManifest.xml:5:5-8:47
MERGED from [com.afollestad.material-dialogs:core:0.9.6.0] AndroidManifest.xml:8:5-11:75
MERGED from [com.afollestad.material-dialogs:core:0.9.6.0] AndroidManifest.xml:8:5-11:75
MERGED from [com.github.f0ris.sweetalert:library:1.5.1] AndroidManifest.xml:7:5-9:41
MERGED from [com.github.f0ris.sweetalert:library:1.5.1] AndroidManifest.xml:7:5-9:41
MERGED from [com.jaredrummler:material-spinner:1.2.2] AndroidManifest.xml:6:5-8:41
MERGED from [com.jaredrummler:material-spinner:1.2.2] AndroidManifest.xml:6:5-8:41
MERGED from [me.relex:circleindicator:1.1.8] AndroidManifest.xml:8:5-10:41
MERGED from [me.relex:circleindicator:1.1.8] AndroidManifest.xml:8:5-10:41
MERGED from [com.mikhaellopez:circularimageview:3.0.2] AndroidManifest.xml:7:5-9:41
MERGED from [com.mikhaellopez:circularimageview:3.0.2] AndroidManifest.xml:7:5-9:41
MERGED from [com.github.traex.calendarlistview:library:1.2.3] AndroidManifest.xml:8:5-10:41
MERGED from [com.github.traex.calendarlistview:library:1.2.3] AndroidManifest.xml:8:5-10:41
MERGED from [com.github.sundeepk:compact-calendar-view:2.0.2.2] AndroidManifest.xml:7:5-9:41
MERGED from [com.github.sundeepk:compact-calendar-view:2.0.2.2] AndroidManifest.xml:7:5-9:41
MERGED from [com.makeramen:roundedimageview:2.3.0] AndroidManifest.xml:7:5-43
MERGED from [com.makeramen:roundedimageview:2.3.0] AndroidManifest.xml:7:5-43
MERGED from [com.android.support:multidex:1.0.2] AndroidManifest.xml:20:5-43
MERGED from [com.android.support:multidex:1.0.2] AndroidManifest.xml:20:5-43
MERGED from [com.nispok:snackbar:2.7.5] AndroidManifest.xml:6:5-8:41
MERGED from [com.nispok:snackbar:2.7.5] AndroidManifest.xml:6:5-8:41
MERGED from [de.keyboardsurfer.android.widget:crouton:1.8.5] AndroidManifest.xml:22:5-24:41
MERGED from [de.keyboardsurfer.android.widget:crouton:1.8.5] AndroidManifest.xml:22:5-24:41
MERGED from [com.scottyab:aescrypt:0.0.1] AndroidManifest.xml:6:5-8:41
MERGED from [com.scottyab:aescrypt:0.0.1] AndroidManifest.xml:6:5-8:41
MERGED from [com.github.flavienlaurent.datetimepicker:library:0.0.2] AndroidManifest.xml:3:5-72
MERGED from [com.github.flavienlaurent.datetimepicker:library:0.0.2] AndroidManifest.xml:3:5-72
MERGED from [com.github.d-max:spots-dialog:0.4] AndroidManifest.xml:8:5-10:41
MERGED from [com.github.d-max:spots-dialog:0.4] AndroidManifest.xml:8:5-10:41
MERGED from [com.google.android.gms:play-services-location:9.8.0] AndroidManifest.xml:3:5-42
MERGED from [com.google.android.gms:play-services-location:9.8.0] AndroidManifest.xml:3:5-42
MERGED from [com.google.android.gms:play-services-analytics:9.8.0] AndroidManifest.xml:17:5-42
MERGED from [com.google.android.gms:play-services-analytics:9.8.0] AndroidManifest.xml:17:5-42
MERGED from [com.google.android.gms:play-services-maps:9.8.0] AndroidManifest.xml:23:5-42
MERGED from [com.google.android.gms:play-services-maps:9.8.0] AndroidManifest.xml:23:5-42
MERGED from [com.dev.sacot41:scviewpager:0.0.4] AndroidManifest.xml:7:5-9:41
MERGED from [com.dev.sacot41:scviewpager:0.0.4] AndroidManifest.xml:7:5-9:41
MERGED from [com.inthecheesefactory.thecheeselibrary:adjustable-imageview:1.0.0] AndroidManifest.xml:7:5-9:41
MERGED from [com.inthecheesefactory.thecheeselibrary:adjustable-imageview:1.0.0] AndroidManifest.xml:7:5-9:41
MERGED from [com.wdullaer:materialdatetimepicker:2.5.0] AndroidManifest.xml:22:5-24:41
MERGED from [com.wdullaer:materialdatetimepicker:2.5.0] AndroidManifest.xml:22:5-24:41
MERGED from [com.github.ybq:Android-SpinKit:1.0.4] AndroidManifest.xml:8:5-10:41
MERGED from [com.github.ybq:Android-SpinKit:1.0.4] AndroidManifest.xml:8:5-10:41
MERGED from [de.halfbit:pinned-section-listview:1.0.0] AndroidManifest.xml:7:5-9:41
MERGED from [de.halfbit:pinned-section-listview:1.0.0] AndroidManifest.xml:7:5-9:41
MERGED from [dev.dworks.libs:astickyheader:0.1.0] AndroidManifest.xml:7:5-9:41
MERGED from [dev.dworks.libs:astickyheader:0.1.0] AndroidManifest.xml:7:5-9:41
MERGED from [com.master.android:glideimageview:1.0] AndroidManifest.xml:7:5-9:41
MERGED from [com.master.android:glideimageview:1.0] AndroidManifest.xml:7:5-9:41
MERGED from [com.github.Triggertrap:SeekArc:v1.1] AndroidManifest.xml:30:5-32:41
MERGED from [com.github.Triggertrap:SeekArc:v1.1] AndroidManifest.xml:30:5-32:41
MERGED from [com.android.support:cardview-v7:24.0.0] AndroidManifest.xml:20:5-43
MERGED from [com.android.support:cardview-v7:24.0.0] AndroidManifest.xml:20:5-43
MERGED from [com.android.support:design:24.2.0] AndroidManifest.xml:20:5-43
MERGED from [com.android.support:design:24.2.0] AndroidManifest.xml:20:5-43
MERGED from [com.android.support:recyclerview-v7:27.0.1] AndroidManifest.xml:20:5-44
MERGED from [com.android.support:recyclerview-v7:27.0.1] AndroidManifest.xml:20:5-44
MERGED from [com.kyleduo.switchbutton:library:1.4.4] AndroidManifest.xml:8:5-10:41
MERGED from [com.kyleduo.switchbutton:library:1.4.4] AndroidManifest.xml:8:5-10:41
MERGED from [androidmads.library.qrgenearator:QRGenearator:1.0.0] AndroidManifest.xml:7:5-9:41
MERGED from [androidmads.library.qrgenearator:QRGenearator:1.0.0] AndroidManifest.xml:7:5-9:41
MERGED from [com.weiwangcn.betterspinner:library-material:1.1.0] AndroidManifest.xml:7:5-9:41
MERGED from [com.weiwangcn.betterspinner:library-material:1.1.0] AndroidManifest.xml:7:5-9:41
MERGED from [com.jcminarro:RoundKornerLayouts:0.2.0] AndroidManifest.xml:7:5-9:41
MERGED from [com.jcminarro:RoundKornerLayouts:0.2.0] AndroidManifest.xml:7:5-9:41
MERGED from [me.zhanghai.android.materialprogressbar:library:1.4.2] AndroidManifest.xml:12:5-14:41
MERGED from [me.zhanghai.android.materialprogressbar:library:1.4.2] AndroidManifest.xml:12:5-14:41
MERGED from [com.pnikosis:materialish-progress:1.0] AndroidManifest.xml:7:5-9:41
MERGED from [com.pnikosis:materialish-progress:1.0] AndroidManifest.xml:7:5-9:41
MERGED from [com.rengwuxian.materialedittext:library:2.0.3] AndroidManifest.xml:6:5-8:41
MERGED from [com.rengwuxian.materialedittext:library:2.0.3] AndroidManifest.xml:6:5-8:41
MERGED from [com.android.support:appcompat-v7:27.0.1] AndroidManifest.xml:20:5-44
MERGED from [com.android.support:appcompat-v7:27.0.1] AndroidManifest.xml:20:5-44
MERGED from [com.google.firebase:firebase-core:9.8.0] AndroidManifest.xml:4:5-42
MERGED from [com.google.firebase:firebase-core:9.8.0] AndroidManifest.xml:4:5-42
MERGED from [com.google.firebase:firebase-messaging:9.8.0] AndroidManifest.xml:17:5-42
MERGED from [com.google.firebase:firebase-messaging:9.8.0] AndroidManifest.xml:17:5-42
MERGED from [com.soundcloud.android:android-crop:1.0.1] AndroidManifest.xml:6:5-8:41
MERGED from [com.soundcloud.android:android-crop:1.0.1] AndroidManifest.xml:6:5-8:41
MERGED from [com.isseiaoki:simplecropview:1.1.4] AndroidManifest.xml:8:5-10:41
MERGED from [com.isseiaoki:simplecropview:1.1.4] AndroidManifest.xml:8:5-10:41
MERGED from [com.mixpanel.android:mixpanel-android:4.9.8] AndroidManifest.xml:5:5-7:41
MERGED from [com.mixpanel.android:mixpanel-android:4.9.8] AndroidManifest.xml:5:5-7:41
MERGED from [com.bugsnag:bugsnag-android:3.6.0] AndroidManifest.xml:7:5-9:41
MERGED from [com.bugsnag:bugsnag-android:3.6.0] AndroidManifest.xml:7:5-9:41
MERGED from [com.google.android.gms:play-services-tagmanager:9.8.0] AndroidManifest.xml:17:5-42
MERGED from [com.google.android.gms:play-services-tagmanager:9.8.0] AndroidManifest.xml:17:5-42
MERGED from [com.github.glomadrian:MaterialAnimatedSwitch:1.1] AndroidManifest.xml:7:5-9:41
MERGED from [com.github.glomadrian:MaterialAnimatedSwitch:1.1] AndroidManifest.xml:7:5-9:41
MERGED from [com.nhaarman.listviewanimations:lib-core:3.1.0] AndroidManifest.xml:22:5-24:41
MERGED from [com.nhaarman.listviewanimations:lib-core:3.1.0] AndroidManifest.xml:22:5-24:41
MERGED from [com.nhaarman.listviewanimations:lib-manipulation:3.1.0] AndroidManifest.xml:22:5-24:41
MERGED from [com.nhaarman.listviewanimations:lib-manipulation:3.1.0] AndroidManifest.xml:22:5-24:41
MERGED from [com.nhaarman.listviewanimations:lib-core-slh:3.1.0] AndroidManifest.xml:22:5-24:41
MERGED from [com.nhaarman.listviewanimations:lib-core-slh:3.1.0] AndroidManifest.xml:22:5-24:41
MERGED from [com.github.lzyzsd:circleprogress:1.1.0] AndroidManifest.xml:7:5-9:41
MERGED from [com.github.lzyzsd:circleprogress:1.1.0] AndroidManifest.xml:7:5-9:41
MERGED from [com.akexorcist:RoundCornerProgressBar:2.0.3] AndroidManifest.xml:8:5-10:41
MERGED from [com.akexorcist:RoundCornerProgressBar:2.0.3] AndroidManifest.xml:8:5-10:41
MERGED from [com.wdullaer:swipeactionadapter:2.0.0] AndroidManifest.xml:7:5-9:41
MERGED from [com.wdullaer:swipeactionadapter:2.0.0] AndroidManifest.xml:7:5-9:41
MERGED from [com.android.support:support-v13:24.2.1] AndroidManifest.xml:21:5-23:55
MERGED from [com.android.support:support-v13:24.2.1] AndroidManifest.xml:21:5-23:55
MERGED from [com.prolificinteractive:material-calendarview:1.4.3] AndroidManifest.xml:8:5-10:41
MERGED from [com.prolificinteractive:material-calendarview:1.4.3] AndroidManifest.xml:8:5-10:41
MERGED from [com.google.android.gms:play-services-analytics-impl:9.8.0] AndroidManifest.xml:17:5-42
MERGED from [com.google.android.gms:play-services-analytics-impl:9.8.0] AndroidManifest.xml:17:5-42
MERGED from [com.google.android.gms:play-services-base:9.8.0] AndroidManifest.xml:17:5-42
MERGED from [com.google.android.gms:play-services-base:9.8.0] AndroidManifest.xml:17:5-42
MERGED from [com.google.android.gms:play-services-tagmanager-api:9.8.0] AndroidManifest.xml:17:5-42
MERGED from [com.google.android.gms:play-services-tagmanager-api:9.8.0] AndroidManifest.xml:17:5-42
MERGED from [com.google.firebase:firebase-analytics:9.8.0] AndroidManifest.xml:17:5-42
MERGED from [com.google.firebase:firebase-analytics:9.8.0] AndroidManifest.xml:17:5-42
MERGED from [com.google.firebase:firebase-analytics-impl:9.8.0] AndroidManifest.xml:17:5-42
MERGED from [com.google.firebase:firebase-analytics-impl:9.8.0] AndroidManifest.xml:17:5-42
MERGED from [com.google.firebase:firebase-iid:9.8.0] AndroidManifest.xml:17:5-42
MERGED from [com.google.firebase:firebase-iid:9.8.0] AndroidManifest.xml:17:5-42
MERGED from [com.google.firebase:firebase-common:9.8.0] AndroidManifest.xml:3:5-42
MERGED from [com.google.firebase:firebase-common:9.8.0] AndroidManifest.xml:3:5-42
MERGED from [com.google.android.gms:play-services-tasks:9.8.0] AndroidManifest.xml:3:5-42
MERGED from [com.google.android.gms:play-services-tasks:9.8.0] AndroidManifest.xml:3:5-42
MERGED from [com.google.android.gms:play-services-basement:9.8.0] AndroidManifest.xml:17:5-42
MERGED from [com.google.android.gms:play-services-basement:9.8.0] AndroidManifest.xml:17:5-42
MERGED from [com.android.support:support-v4:25.1.1] AndroidManifest.xml:21:5-23:54
MERGED from [com.android.support:support-v4:25.1.1] AndroidManifest.xml:21:5-23:54
MERGED from [com.daimajia.swipelayout:library:1.2.0] AndroidManifest.xml:6:5-8:41
MERGED from [com.daimajia.swipelayout:library:1.2.0] AndroidManifest.xml:6:5-8:41
MERGED from [com.daimajia.easing:library:1.0.0] AndroidManifest.xml:7:5-9:41
MERGED from [com.daimajia.easing:library:1.0.0] AndroidManifest.xml:7:5-9:41
MERGED from [com.daimajia.androidanimations:library:1.1.2] AndroidManifest.xml:8:5-10:41
MERGED from [com.daimajia.androidanimations:library:1.1.2] AndroidManifest.xml:8:5-10:41
MERGED from [com.wang.avi:library:2.1.3] AndroidManifest.xml:7:5-9:41
MERGED from [com.wang.avi:library:2.1.3] AndroidManifest.xml:7:5-9:41
MERGED from [com.android.support.constraint:constraint-layout:1.0.2] AndroidManifest.xml:5:5-7:41
MERGED from [com.android.support.constraint:constraint-layout:1.0.2] AndroidManifest.xml:5:5-7:41
MERGED from [de.hdodenhof:circleimageview:2.1.0] AndroidManifest.xml:5:5-7:41
MERGED from [de.hdodenhof:circleimageview:2.1.0] AndroidManifest.xml:5:5-7:41
MERGED from [com.android.support:animated-vector-drawable:27.0.1] AndroidManifest.xml:20:5-44
MERGED from [com.android.support:animated-vector-drawable:27.0.1] AndroidManifest.xml:20:5-44
MERGED from [com.android.support:support-vector-drawable:27.0.1] AndroidManifest.xml:20:5-44
MERGED from [com.android.support:support-vector-drawable:27.0.1] AndroidManifest.xml:20:5-44
MERGED from [com.android.support:support-media-compat:25.1.1] AndroidManifest.xml:21:5-23:63
MERGED from [com.android.support:support-media-compat:25.1.1] AndroidManifest.xml:21:5-23:63
MERGED from [com.android.support:support-fragment:27.0.1] AndroidManifest.xml:20:5-44
MERGED from [com.android.support:support-fragment:27.0.1] AndroidManifest.xml:20:5-44
MERGED from [com.android.support:support-core-utils:27.0.1] AndroidManifest.xml:20:5-44
MERGED from [com.android.support:support-core-utils:27.0.1] AndroidManifest.xml:20:5-44
MERGED from [com.android.support:support-core-ui:27.0.1] AndroidManifest.xml:20:5-44
MERGED from [com.android.support:support-core-ui:27.0.1] AndroidManifest.xml:20:5-44
MERGED from [com.android.support:support-compat:27.0.1] AndroidManifest.xml:20:5-44
MERGED from [com.android.support:support-compat:27.0.1] AndroidManifest.xml:20:5-44
MERGED from [android.arch.lifecycle:runtime:1.0.0] AndroidManifest.xml:20:5-22:41
MERGED from [android.arch.lifecycle:runtime:1.0.0] AndroidManifest.xml:20:5-22:41
INJECTED from src\main\AndroidManifest.xml:5:5-8:47
INJECTED from src\main\AndroidManifest.xml:5:5-8:47
	tools:overrideLibrary
		ADDED from src\main\AndroidManifest.xml:8:9-44
	android:targetSdkVersion
		ADDED from src\main\AndroidManifest.xml:7:9-38
		INJECTED from src\main\AndroidManifest.xml
		INJECTED from src\main\AndroidManifest.xml
	android:minSdkVersion
		ADDED from src\main\AndroidManifest.xml:6:9-34
		INJECTED from src\main\AndroidManifest.xml
		INJECTED from src\main\AndroidManifest.xml
uses-permission#android.permission.INTERNET
ADDED from src\main\AndroidManifest.xml:10:5-12:44
MERGED from [com.google.android.gms:play-services-analytics:9.8.0] AndroidManifest.xml:20:5-66
MERGED from [com.google.android.gms:play-services-analytics:9.8.0] AndroidManifest.xml:20:5-66
MERGED from [com.google.android.gms:play-services-maps:9.8.0] AndroidManifest.xml:20:5-66
MERGED from [com.google.android.gms:play-services-maps:9.8.0] AndroidManifest.xml:20:5-66
MERGED from [com.master.android:glideimageview:1.0] AndroidManifest.xml:11:5-67
MERGED from [com.master.android:glideimageview:1.0] AndroidManifest.xml:11:5-67
MERGED from [com.mixpanel.android:mixpanel-android:4.9.8] AndroidManifest.xml:10:5-67
MERGED from [com.mixpanel.android:mixpanel-android:4.9.8] AndroidManifest.xml:10:5-67
MERGED from [com.bugsnag:bugsnag-android:3.6.0] AndroidManifest.xml:12:5-67
MERGED from [com.bugsnag:bugsnag-android:3.6.0] AndroidManifest.xml:12:5-67
MERGED from [com.google.android.gms:play-services-analytics-impl:9.8.0] AndroidManifest.xml:20:5-66
MERGED from [com.google.android.gms:play-services-analytics-impl:9.8.0] AndroidManifest.xml:20:5-66
MERGED from [com.google.android.gms:play-services-tagmanager-api:9.8.0] AndroidManifest.xml:20:5-66
MERGED from [com.google.android.gms:play-services-tagmanager-api:9.8.0] AndroidManifest.xml:20:5-66
MERGED from [com.google.firebase:firebase-analytics:9.8.0] AndroidManifest.xml:20:5-66
MERGED from [com.google.firebase:firebase-analytics:9.8.0] AndroidManifest.xml:20:5-66
MERGED from [com.google.firebase:firebase-analytics-impl:9.8.0] AndroidManifest.xml:20:5-66
MERGED from [com.google.firebase:firebase-analytics-impl:9.8.0] AndroidManifest.xml:20:5-66
MERGED from [com.google.firebase:firebase-iid:9.8.0] AndroidManifest.xml:20:5-66
MERGED from [com.google.firebase:firebase-iid:9.8.0] AndroidManifest.xml:20:5-66
	android:protectionLevel
		ADDED from src\main\AndroidManifest.xml:12:9-41
	android:name
		ADDED from src\main\AndroidManifest.xml:11:9-51
uses-permission#android.permission.ACCESS_NETWORK_STATE
ADDED from src\main\AndroidManifest.xml:13:5-15:44
MERGED from [com.google.android.gms:play-services-analytics:9.8.0] AndroidManifest.xml:21:5-78
MERGED from [com.google.android.gms:play-services-analytics:9.8.0] AndroidManifest.xml:21:5-78
MERGED from [com.google.android.gms:play-services-maps:9.8.0] AndroidManifest.xml:19:5-78
MERGED from [com.google.android.gms:play-services-maps:9.8.0] AndroidManifest.xml:19:5-78
MERGED from [com.google.android.gms:play-services-analytics-impl:9.8.0] AndroidManifest.xml:21:5-78
MERGED from [com.google.android.gms:play-services-analytics-impl:9.8.0] AndroidManifest.xml:21:5-78
MERGED from [com.google.android.gms:play-services-tagmanager-api:9.8.0] AndroidManifest.xml:21:5-78
MERGED from [com.google.android.gms:play-services-tagmanager-api:9.8.0] AndroidManifest.xml:21:5-78
MERGED from [com.google.firebase:firebase-analytics:9.8.0] AndroidManifest.xml:21:5-78
MERGED from [com.google.firebase:firebase-analytics:9.8.0] AndroidManifest.xml:21:5-78
MERGED from [com.google.firebase:firebase-analytics-impl:9.8.0] AndroidManifest.xml:21:5-78
MERGED from [com.google.firebase:firebase-analytics-impl:9.8.0] AndroidManifest.xml:21:5-78
MERGED from [com.google.firebase:firebase-iid:9.8.0] AndroidManifest.xml:19:5-78
MERGED from [com.google.firebase:firebase-iid:9.8.0] AndroidManifest.xml:19:5-78
	android:protectionLevel
		ADDED from src\main\AndroidManifest.xml:15:9-41
	android:name
		ADDED from src\main\AndroidManifest.xml:14:9-63
uses-permission#android.permission.READ_PHONE_STATE
ADDED from src\main\AndroidManifest.xml:16:5-18:44
	android:protectionLevel
		ADDED from src\main\AndroidManifest.xml:18:9-41
	android:name
		ADDED from src\main\AndroidManifest.xml:17:9-59
uses-permission#android.permission.ACCESS_WIFI_STATE
ADDED from src\main\AndroidManifest.xml:19:5-21:44
	android:protectionLevel
		ADDED from src\main\AndroidManifest.xml:21:9-41
	android:name
		ADDED from src\main\AndroidManifest.xml:20:9-60
uses-permission#android.permission.CHANGE_WIFI_STATE
ADDED from src\main\AndroidManifest.xml:22:5-24:44
	android:protectionLevel
		ADDED from src\main\AndroidManifest.xml:24:9-41
	android:name
		ADDED from src\main\AndroidManifest.xml:23:9-60
uses-permission#android.permission.CHANGE_NETWORK_STATE
ADDED from src\main\AndroidManifest.xml:25:5-27:44
	android:protectionLevel
		ADDED from src\main\AndroidManifest.xml:27:9-41
	android:name
		ADDED from src\main\AndroidManifest.xml:26:9-63
uses-permission#android.permission.WAKE_LOCK
ADDED from src\main\AndroidManifest.xml:28:5-30:44
MERGED from [com.google.android.gms:play-services-analytics:9.8.0] AndroidManifest.xml:24:5-67
MERGED from [com.google.android.gms:play-services-analytics:9.8.0] AndroidManifest.xml:24:5-67
MERGED from [com.google.android.gms:play-services-analytics-impl:9.8.0] AndroidManifest.xml:24:5-67
MERGED from [com.google.android.gms:play-services-analytics-impl:9.8.0] AndroidManifest.xml:24:5-67
MERGED from [com.google.firebase:firebase-analytics:9.8.0] AndroidManifest.xml:22:5-67
MERGED from [com.google.firebase:firebase-analytics:9.8.0] AndroidManifest.xml:22:5-67
MERGED from [com.google.firebase:firebase-analytics-impl:9.8.0] AndroidManifest.xml:22:5-67
MERGED from [com.google.firebase:firebase-analytics-impl:9.8.0] AndroidManifest.xml:22:5-67
MERGED from [com.google.firebase:firebase-iid:9.8.0] AndroidManifest.xml:21:5-67
MERGED from [com.google.firebase:firebase-iid:9.8.0] AndroidManifest.xml:21:5-67
	android:protectionLevel
		ADDED from src\main\AndroidManifest.xml:30:9-41
	android:name
		ADDED from src\main\AndroidManifest.xml:29:9-52
uses-permission#android.permission.VIBRATE
ADDED from src\main\AndroidManifest.xml:31:5-33:44
MERGED from [com.wdullaer:materialdatetimepicker:2.5.0] AndroidManifest.xml:26:5-66
MERGED from [com.wdullaer:materialdatetimepicker:2.5.0] AndroidManifest.xml:26:5-66
	android:protectionLevel
		ADDED from src\main\AndroidManifest.xml:33:9-41
	android:name
		ADDED from src\main\AndroidManifest.xml:32:9-50
uses-permission#com.google.android.providers.gsf.permission.READ_GSERVICES
ADDED from src\main\AndroidManifest.xml:34:5-36:44
	android:protectionLevel
		ADDED from src\main\AndroidManifest.xml:36:9-41
	android:name
		ADDED from src\main\AndroidManifest.xml:35:9-82
uses-permission#android.permission.SYSTEM_ALERT_WINDOW
ADDED from src\main\AndroidManifest.xml:37:5-78
	android:name
		ADDED from src\main\AndroidManifest.xml:37:22-75
uses-feature#android.hardware.sensor.accelerometer
ADDED from src\main\AndroidManifest.xml:39:5-42:35
	android:protectionLevel
		ADDED from src\main\AndroidManifest.xml:41:9-41
	android:required
		ADDED from src\main\AndroidManifest.xml:42:9-32
	android:name
		ADDED from src\main\AndroidManifest.xml:40:9-61
uses-feature#android.hardware.camera
ADDED from src\main\AndroidManifest.xml:43:5-45:44
	android:protectionLevel
		ADDED from src\main\AndroidManifest.xml:45:9-41
	android:name
		ADDED from src\main\AndroidManifest.xml:44:9-47
uses-feature#android.hardware.camera.front
ADDED from src\main\AndroidManifest.xml:46:5-48:36
	android:required
		ADDED from src\main\AndroidManifest.xml:48:9-33
	android:name
		ADDED from src\main\AndroidManifest.xml:47:9-53
uses-permission#android.permission.CAMERA
ADDED from src\main\AndroidManifest.xml:50:5-52:44
	android:protectionLevel
		ADDED from src\main\AndroidManifest.xml:52:9-41
	android:name
		ADDED from src\main\AndroidManifest.xml:51:9-49
uses-permission#android.permission.WRITE_EXTERNAL_STORAGE
ADDED from src\main\AndroidManifest.xml:53:5-55:44
MERGED from [androidmads.library.qrgenearator:QRGenearator:1.0.0] AndroidManifest.xml:11:5-81
MERGED from [androidmads.library.qrgenearator:QRGenearator:1.0.0] AndroidManifest.xml:11:5-81
	android:protectionLevel
		ADDED from src\main\AndroidManifest.xml:55:9-41
	android:name
		ADDED from src\main\AndroidManifest.xml:54:9-65
uses-permission#android.permission.GET_ACCOUNTS
ADDED from src\main\AndroidManifest.xml:58:5-60:44
	android:protectionLevel
		ADDED from src\main\AndroidManifest.xml:60:9-41
	android:name
		ADDED from src\main\AndroidManifest.xml:59:9-55
permission#andoid.permission.READ_EXTERNAL_STORAGE
ADDED from src\main\AndroidManifest.xml:62:5-64:44
	android:protectionLevel
		ADDED from src\main\AndroidManifest.xml:64:9-41
	android:name
		ADDED from src\main\AndroidManifest.xml:63:9-63